mode: set
github.com/JeanCarlosRothenburg/payment-service/internal/usecase/payment/process_payment.go:12.33,22.16 3 1
github.com/JeanCarlosRothenburg/payment-service/internal/usecase/payment/process_payment.go:22.16,27.3 1 1
github.com/JeanCarlosRothenburg/payment-service/internal/usecase/payment/process_payment.go:29.2,31.16 2 1
github.com/JeanCarlosRothenburg/payment-service/internal/usecase/payment/process_payment.go:31.16,37.3 1 1
github.com/JeanCarlosRothenburg/payment-service/internal/usecase/payment/process_payment.go:39.2,43.8 1 1
github.com/JeanCarlosRothenburg/payment-service/internal/usecase/payment/refund_payment.go:12.32,15.16 2 1
github.com/JeanCarlosRothenburg/payment-service/internal/usecase/payment/refund_payment.go:15.16,17.3 1 1
github.com/JeanCarlosRothenburg/payment-service/internal/usecase/payment/refund_payment.go:19.2,21.16 2 1
github.com/JeanCarlosRothenburg/payment-service/internal/usecase/payment/refund_payment.go:21.16,28.3 1 1
github.com/JeanCarlosRothenburg/payment-service/internal/usecase/payment/refund_payment.go:30.2,33.16 3 1
github.com/JeanCarlosRothenburg/payment-service/internal/usecase/payment/refund_payment.go:33.16,40.3 1 1
github.com/JeanCarlosRothenburg/payment-service/internal/usecase/payment/refund_payment.go:42.2,47.8 1 1
github.com/JeanCarlosRothenburg/payment-service/internal/usecase/payment/repository_mock.go:16.104,17.26 1 1
github.com/JeanCarlosRothenburg/payment-service/internal/usecase/payment/repository_mock.go:17.26,19.3 1 1
github.com/JeanCarlosRothenburg/payment-service/internal/usecase/payment/repository_mock.go:21.2,21.15 1 1
github.com/JeanCarlosRothenburg/payment-service/internal/usecase/payment/repository_mock.go:25.102,26.26 1 1
github.com/JeanCarlosRothenburg/payment-service/internal/usecase/payment/repository_mock.go:26.26,28.3 1 1
github.com/JeanCarlosRothenburg/payment-service/internal/usecase/payment/repository_mock.go:30.2,30.17 1 0
github.com/JeanCarlosRothenburg/payment-service/internal/usecase/payment/usecase.go:9.60,13.2 1 1
github.com/JeanCarlosRothenburg/payment-service/internal/domain/entity/payment.go:43.60,44.34 1 1
github.com/JeanCarlosRothenburg/payment-service/internal/domain/entity/payment.go:44.34,46.3 1 1
github.com/JeanCarlosRothenburg/payment-service/internal/domain/entity/payment.go:48.2,50.16 2 1
github.com/JeanCarlosRothenburg/payment-service/internal/domain/entity/payment.go:50.16,52.3 1 1
github.com/JeanCarlosRothenburg/payment-service/internal/domain/entity/payment.go:54.2,58.26 3 1
github.com/JeanCarlosRothenburg/payment-service/internal/domain/entity/payment.go:62.35,63.33 1 1
github.com/JeanCarlosRothenburg/payment-service/internal/domain/entity/payment.go:63.33,65.3 1 1
github.com/JeanCarlosRothenburg/payment-service/internal/domain/entity/payment.go:67.2,67.43 1 1
github.com/JeanCarlosRothenburg/payment-service/internal/domain/entity/payment.go:67.43,69.3 1 1
github.com/JeanCarlosRothenburg/payment-service/internal/domain/entity/payment.go:71.2,73.12 2 1
github.com/JeanCarlosRothenburg/payment-service/internal/domain/entity/payment.go:77.51,79.2 1 1
github.com/JeanCarlosRothenburg/payment-service/internal/domain/entity/payment.go:82.50,84.2 1 1
github.com/JeanCarlosRothenburg/payment-service/internal/domain/entity/payment.go:87.54,89.2 1 1
github.com/JeanCarlosRothenburg/payment-service/internal/domain/entity/payment.go:92.57,93.14 1 1
github.com/JeanCarlosRothenburg/payment-service/internal/domain/entity/payment.go:94.20,95.18 1 1
github.com/JeanCarlosRothenburg/payment-service/internal/domain/entity/payment.go:96.21,97.16 1 1
github.com/JeanCarlosRothenburg/payment-service/internal/domain/entity/payment.go:98.10,99.33 1 1
github.com/JeanCarlosRothenburg/payment-service/internal/infrastructure/messaging/rabbitmq/connection.go:16.34,19.13 2 0
github.com/JeanCarlosRothenburg/payment-service/internal/infrastructure/messaging/rabbitmq/connection.go:19.13,21.3 1 0
github.com/JeanCarlosRothenburg/payment-service/internal/infrastructure/messaging/rabbitmq/connection.go:23.2,25.10 3 0
github.com/JeanCarlosRothenburg/payment-service/internal/infrastructure/messaging/rabbitmq/connection.go:29.32,31.16 2 0
github.com/JeanCarlosRothenburg/payment-service/internal/infrastructure/messaging/rabbitmq/connection.go:31.16,33.3 1 0
github.com/JeanCarlosRothenburg/payment-service/internal/infrastructure/messaging/rabbitmq/connection.go:35.2,36.16 2 0
github.com/JeanCarlosRothenburg/payment-service/internal/infrastructure/messaging/rabbitmq/connection.go:36.16,39.3 2 0
github.com/JeanCarlosRothenburg/payment-service/internal/infrastructure/messaging/rabbitmq/connection.go:41.2,45.16 4 0
github.com/JeanCarlosRothenburg/payment-service/internal/infrastructure/messaging/rabbitmq/connection.go:45.16,47.3 1 0
github.com/JeanCarlosRothenburg/payment-service/internal/infrastructure/messaging/rabbitmq/connection.go:50.46,51.46 1 0
github.com/JeanCarlosRothenburg/payment-service/internal/infrastructure/messaging/rabbitmq/connection.go:51.46,53.17 2 0
github.com/JeanCarlosRothenburg/payment-service/internal/infrastructure/messaging/rabbitmq/connection.go:53.17,57.4 3 0
github.com/JeanCarlosRothenburg/payment-service/internal/infrastructure/messaging/rabbitmq/connection.go:58.3,59.22 2 0
github.com/JeanCarlosRothenburg/payment-service/internal/infrastructure/messaging/rabbitmq/connection.go:63.2,64.18 2 0
github.com/JeanCarlosRothenburg/payment-service/internal/infrastructure/messaging/rabbitmq/connection.go:67.30,68.47 1 0
github.com/JeanCarlosRothenburg/payment-service/internal/infrastructure/messaging/rabbitmq/connection.go:68.47,70.3 1 0
github.com/JeanCarlosRothenburg/payment-service/internal/infrastructure/messaging/rabbitmq/connection.go:71.2,71.41 1 0
github.com/JeanCarlosRothenburg/payment-service/internal/infrastructure/messaging/rabbitmq/connection.go:71.41,73.3 1 0
github.com/JeanCarlosRothenburg/payment-service/internal/infrastructure/messaging/rabbitmq/connection.go:74.2,74.51 1 0
github.com/JeanCarlosRothenburg/payment-service/internal/infrastructure/messaging/rabbitmq/consumer.go:18.66,24.2 1 0
github.com/JeanCarlosRothenburg/payment-service/internal/infrastructure/messaging/rabbitmq/consumer.go:26.28,31.16 2 0
github.com/JeanCarlosRothenburg/payment-service/internal/infrastructure/messaging/rabbitmq/consumer.go:31.16,33.3 1 0
github.com/JeanCarlosRothenburg/payment-service/internal/infrastructure/messaging/rabbitmq/consumer.go:35.2,37.24 2 0
github.com/JeanCarlosRothenburg/payment-service/internal/infrastructure/messaging/rabbitmq/consumer.go:37.24,39.3 1 0
github.com/JeanCarlosRothenburg/payment-service/internal/infrastructure/messaging/rabbitmq/consumer.go:42.46,47.16 3 0
github.com/JeanCarlosRothenburg/payment-service/internal/infrastructure/messaging/rabbitmq/consumer.go:47.16,51.3 3 0
github.com/JeanCarlosRothenburg/payment-service/internal/infrastructure/messaging/rabbitmq/consumer.go:53.2,55.16 2 0
github.com/JeanCarlosRothenburg/payment-service/internal/infrastructure/messaging/rabbitmq/consumer.go:55.16,60.3 4 0
github.com/JeanCarlosRothenburg/payment-service/internal/infrastructure/messaging/rabbitmq/consumer.go:62.2,63.16 2 0
github.com/JeanCarlosRothenburg/payment-service/internal/infrastructure/messaging/rabbitmq/consumer.go:63.16,67.3 3 0
github.com/JeanCarlosRothenburg/payment-service/internal/infrastructure/messaging/rabbitmq/consumer.go:69.2,69.16 1 0
github.com/JeanCarlosRothenburg/payment-service/internal/infrastructure/messaging/rabbitmq/publisher.go:14.48,16.2 1 0
github.com/JeanCarlosRothenburg/payment-service/internal/infrastructure/messaging/rabbitmq/publisher.go:18.59,20.16 2 0
github.com/JeanCarlosRothenburg/payment-service/internal/infrastructure/messaging/rabbitmq/publisher.go:20.16,22.3 1 0
github.com/JeanCarlosRothenburg/payment-service/internal/infrastructure/messaging/rabbitmq/publisher.go:24.2,33.16 2 0
github.com/JeanCarlosRothenburg/payment-service/internal/infrastructure/messaging/rabbitmq/publisher.go:33.16,35.3 1 0
github.com/JeanCarlosRothenburg/payment-service/internal/infrastructure/messaging/rabbitmq/publisher.go:37.2,38.12 2 0
github.com/JeanCarlosRothenburg/payment-service/internal/infrastructure/messaging/rabbitmq/setup.go:5.36,10.16 2 0
github.com/JeanCarlosRothenburg/payment-service/internal/infrastructure/messaging/rabbitmq/setup.go:10.16,12.3 1 0
github.com/JeanCarlosRothenburg/payment-service/internal/infrastructure/messaging/rabbitmq/setup.go:14.2,20.16 3 0
github.com/JeanCarlosRothenburg/payment-service/internal/infrastructure/messaging/rabbitmq/setup.go:20.16,22.3 1 0
github.com/JeanCarlosRothenburg/payment-service/internal/infrastructure/messaging/rabbitmq/setup.go:24.2,30.31 3 0
github.com/JeanCarlosRothenburg/payment-service/internal/infrastructure/messaging/rabbitmq/setup.go:30.31,35.17 2 0
github.com/JeanCarlosRothenburg/payment-service/internal/infrastructure/messaging/rabbitmq/setup.go:35.17,37.4 1 0
github.com/JeanCarlosRothenburg/payment-service/internal/infrastructure/messaging/rabbitmq/setup.go:40.2,40.12 1 0
github.com/JeanCarlosRothenburg/payment-service/internal/infrastructure/repository/payment_repository_pg.go:15.68,17.2 1 0
github.com/JeanCarlosRothenburg/payment-service/internal/infrastructure/repository/payment_repository_pg.go:19.107,26.16 2 0
github.com/JeanCarlosRothenburg/payment-service/internal/infrastructure/repository/payment_repository_pg.go:26.16,28.3 1 0
github.com/JeanCarlosRothenburg/payment-service/internal/infrastructure/repository/payment_repository_pg.go:30.2,30.15 1 0
github.com/JeanCarlosRothenburg/payment-service/internal/infrastructure/repository/payment_repository_pg.go:33.105,50.16 4 0
github.com/JeanCarlosRothenburg/payment-service/internal/infrastructure/repository/payment_repository_pg.go:50.16,51.27 1 0
github.com/JeanCarlosRothenburg/payment-service/internal/infrastructure/repository/payment_repository_pg.go:51.27,53.4 1 0
github.com/JeanCarlosRothenburg/payment-service/internal/infrastructure/repository/payment_repository_pg.go:54.3,55.18 2 0
github.com/JeanCarlosRothenburg/payment-service/internal/infrastructure/repository/payment_repository_pg.go:58.2,58.16 1 0
github.com/JeanCarlosRothenburg/payment-service/cmd/worker/main.go:14.13,19.16 4 0
github.com/JeanCarlosRothenburg/payment-service/cmd/worker/main.go:19.16,21.3 1 0
github.com/JeanCarlosRothenburg/payment-service/cmd/worker/main.go:22.2,27.50 4 0
github.com/JeanCarlosRothenburg/payment-service/internal/infrastructure/database/connection.go:8.49,10.2 1 0
